#
# There is insufficient memory for the Java Runtime Environment to continue.
# Native memory allocation (malloc) failed to allocate 65552 bytes for Chunk::new
# Possible reasons:
#   The system is out of physical RAM or swap space
#   In 32 bit mode, the process size limit was hit
# Possible solutions:
#   Reduce memory load on the system
#   Increase physical memory or swap space
#   Check if swap backing store is full
#   Use 64 bit Java on a 64 bit OS
#   Decrease Java heap size (-Xmx/-Xms)
#   Decrease number of Java threads
#   Decrease Java thread stack sizes (-Xss)
#   Set larger code cache with -XX:ReservedCodeCacheSize=
# This output file may be truncated or incomplete.
#
#  Out of Memory Error (allocation.cpp:390), pid=11788, tid=0x0000000000001a48
#
# JRE version: Java(TM) SE Runtime Environment (8.0_121-b13) (build 1.8.0_121-b13)
# Java VM: Java HotSpot(TM) 64-Bit Server VM (25.121-b13 mixed mode windows-amd64 compressed oops)
# Failed to write core dump. Minidumps are not enabled by default on client versions of Windows
#

---------------  T H R E A D  ---------------

Current thread (0x0000000019ae9800):  JavaThread "C2 CompilerThread0" daemon [_thread_in_native, id=6728, stack(0x000000001a2b0000,0x000000001a3b0000)]

Stack: [0x000000001a2b0000,0x000000001a3b0000]
[error occurred during error reporting (printing stack bounds), id 0xc0000005]

Native frames: (J=compiled Java code, j=interpreted, Vv=VM code, C=native code)


Current CompileTask:
C2:   3996  805       4       com.sun.tools.javac.jvm.ClassReader::sigToType (880 bytes)


---------------  P R O C E S S  ---------------

Java Threads: ( => current thread )
  0x0000000019b85000 JavaThread "Service Thread" daemon [_thread_blocked, id=14436, stack(0x000000001a6b0000,0x000000001a7b0000)]
  0x0000000019af6800 JavaThread "C1 CompilerThread3" daemon [_thread_blocked, id=14516, stack(0x000000001a5b0000,0x000000001a6b0000)]
  0x0000000019af1800 JavaThread "C2 CompilerThread2" daemon [_thread_blocked, id=15088, stack(0x000000001a4b0000,0x000000001a5b0000)]
  0x0000000019aee000 JavaThread "C2 CompilerThread1" daemon [_thread_blocked, id=12744, stack(0x000000001a3b0000,0x000000001a4b0000)]
=>0x0000000019ae9800 JavaThread "C2 CompilerThread0" daemon [_thread_in_native, id=6728, stack(0x000000001a2b0000,0x000000001a3b0000)]
  0x0000000019ae7800 JavaThread "Attach Listener" daemon [_thread_blocked, id=12388, stack(0x000000001a1b0000,0x000000001a2b0000)]
  0x0000000017bee800 JavaThread "Signal Dispatcher" daemon [_thread_blocked, id=8380, stack(0x000000001a0b0000,0x000000001a1b0000)]
  0x0000000002bfe800 JavaThread "Finalizer" daemon [_thread_blocked, id=11724, stack(0x0000000019ec0000,0x0000000019fc0000)]
  0x0000000002bf7800 JavaThread "Reference Handler" daemon [_thread_blocked, id=11588, stack(0x00000000199c0000,0x0000000019ac0000)]
  0x0000000002afe000 JavaThread "main" [_thread_in_native, id=14584, stack(0x0000000002970000,0x0000000002a70000)]

Other Threads:
  0x0000000017bd9800 VMThread [stack: 0x00000000198c0000,0x00000000199c0000] [id=13760]
  0x0000000019ba9000 WatcherThread [stack: 0x000000001a7b0000,0x000000001a8b0000] [id=13572]

VM state:not at safepoint (normal execution)

VM Mutex/Monitor currently owned by a thread: None

Heap:
 PSYoungGen      total 16384K, used 10886K [0x00000000d6100000, 0x00000000d7700000, 0x0000000100000000)
  eden space 11264K, 61% used [0x00000000d6100000,0x00000000d67cd8e0,0x00000000d6c00000)
  from space 5120K, 76% used [0x00000000d7180000,0x00000000d7554120,0x00000000d7680000)
  to   space 5632K, 0% used [0x00000000d6c00000,0x00000000d6c00000,0x00000000d7180000)
 ParOldGen       total 16384K, used 9163K [0x0000000082200000, 0x0000000083200000, 0x00000000d6100000)
  object space 16384K, 55% used [0x0000000082200000,0x0000000082af2ee8,0x0000000083200000)
 Metaspace       used 8297K, capacity 8916K, committed 9088K, reserved 1056768K
  class space    used 998K, capacity 1040K, committed 1152K, reserved 1048576K

Card table byte_map: [0x0000000012080000,0x0000000012470000] byte_map_base: 0x0000000011c6f000

Marking Bits: (ParMarkBitMap*) 0x000000007087b6d0
 Begin Bits: [0x0000000012f10000, 0x0000000014e88000)
 End Bits:   [0x0000000014e88000, 0x0000000016e00000)

Polling page: 0x0000000000cd0000

CodeCache: size=245760Kb used=3407Kb max_used=3407Kb free=242352Kb
 bounds [0x0000000002cc0000, 0x0000000003020000, 0x0000000011cc0000]
 total_blobs=1142 nmethods=847 adapters=207
 compilation: enabled

Compilation events (10 events):
Event: 3.761 Thread 0x0000000019af6800  804       3       com.sun.tools.javac.jvm.ClassReader::enterPackage (78 bytes)
Event: 3.763 Thread 0x0000000019af6800 nmethod 804 0x0000000002ff9f50 code [0x0000000002ffa240, 0x0000000002ffb9b8]
Event: 3.763 Thread 0x0000000019af6800  807       1       com.sun.tools.javac.code.Scope$Entry::access$000 (5 bytes)
Event: 3.763 Thread 0x0000000019af6800 nmethod 807 0x0000000002ff8310 code [0x0000000002ff8460, 0x0000000002ff8550]
Event: 3.763 Thread 0x0000000019af6800  808       3       com.sun.tools.javac.code.Type::accept (9 bytes)
Event: 3.763 Thread 0x0000000019af6800 nmethod 808 0x0000000002ff7e90 code [0x0000000002ff8000, 0x0000000002ff8228]
Event: 3.765 Thread 0x0000000019af6800  809       1       com.sun.tools.javac.comp.Resolve$MethodResolutionPhase::isVarargsRequired (5 bytes)
Event: 3.765 Thread 0x0000000019af6800 nmethod 809 0x0000000002ff7bd0 code [0x0000000002ff7d20, 0x0000000002ff7e30]
Event: 3.766 Thread 0x0000000019af6800  810       3       com.sun.tools.javac.code.Type$ClassType::getTypeArguments (30 bytes)
Event: 3.766 Thread 0x0000000019af6800 nmethod 810 0x0000000002ff74d0 code [0x0000000002ff7660, 0x0000000002ff7a88]

GC Heap History (10 events):
Event: 2.569 GC heap before
{Heap before GC invocations=8 (full 0):
 PSYoungGen      total 7168K, used 7106K [0x00000000d6100000, 0x00000000d6f00000, 0x0000000100000000)
  eden space 5632K, 100% used [0x00000000d6100000,0x00000000d6680000,0x00000000d6680000)
  from space 1536K, 95% used [0x00000000d6680000,0x00000000d67f08d8,0x00000000d6800000)
  to   space 1536K, 0% used [0x00000000d6d80000,0x00000000d6d80000,0x00000000d6f00000)
 ParOldGen       total 5632K, used 1352K [0x0000000082200000, 0x0000000082780000, 0x00000000d6100000)
  object space 5632K, 24% used [0x0000000082200000,0x0000000082352238,0x0000000082780000)
 Metaspace       used 7432K, capacity 8180K, committed 8448K, reserved 1056768K
  class space    used 904K, capacity 944K, committed 1024K, reserved 1048576K
Event: 2.574 GC heap after
Heap after GC invocations=8 (full 0):
 PSYoungGen      total 10752K, used 1514K [0x00000000d6100000, 0x00000000d7300000, 0x0000000100000000)
  eden space 9216K, 0% used [0x00000000d6100000,0x00000000d6100000,0x00000000d6a00000)
  from space 1536K, 98% used [0x00000000d6d80000,0x00000000d6efabb8,0x00000000d6f00000)
  to   space 3584K, 0% used [0x00000000d6a00000,0x00000000d6a00000,0x00000000d6d80000)
 ParOldGen       total 5632K, used 4728K [0x0000000082200000, 0x0000000082780000, 0x00000000d6100000)
  object space 5632K, 83% used [0x0000000082200000,0x000000008269e290,0x0000000082780000)
 Metaspace       used 7432K, capacity 8180K, committed 8448K, reserved 1056768K
  class space    used 904K, capacity 944K, committed 1024K, reserved 1048576K
}
Event: 2.574 GC heap before
{Heap before GC invocations=9 (full 1):
 PSYoungGen      total 10752K, used 1514K [0x00000000d6100000, 0x00000000d7300000, 0x0000000100000000)
  eden space 9216K, 0% used [0x00000000d6100000,0x00000000d6100000,0x00000000d6a00000)
  from space 1536K, 98% used [0x00000000d6d80000,0x00000000d6efabb8,0x00000000d6f00000)
  to   space 3584K, 0% used [0x00000000d6a00000,0x00000000d6a00000,0x00000000d6d80000)
 ParOldGen       total 5632K, used 4728K [0x0000000082200000, 0x0000000082780000, 0x00000000d6100000)
  object space 5632K, 83% used [0x0000000082200000,0x000000008269e290,0x0000000082780000)
 Metaspace       used 7432K, capacity 8180K, committed 8448K, reserved 1056768K
  class space    used 904K, capacity 944K, committed 1024K, reserved 1048576K
Event: 2.619 GC heap after
Heap after GC invocations=9 (full 1):
 PSYoungGen      total 10752K, used 490K [0x00000000d6100000, 0x00000000d7300000, 0x0000000100000000)
  eden space 9216K, 0% used [0x00000000d6100000,0x00000000d6100000,0x00000000d6a00000)
  from space 1536K, 31% used [0x00000000d6d80000,0x00000000d6dfa8c0,0x00000000d6f00000)
  to   space 3584K, 0% used [0x00000000d6a00000,0x00000000d6a00000,0x00000000d6d80000)
 ParOldGen       total 9728K, used 5327K [0x0000000082200000, 0x0000000082b80000, 0x00000000d6100000)
  object space 9728K, 54% used [0x0000000082200000,0x0000000082733c00,0x0000000082b80000)
 Metaspace       used 7432K, capacity 8180K, committed 8448K, reserved 1056768K
  class space    used 904K, capacity 944K, committed 1024K, reserved 1048576K
}
Event: 3.199 GC heap before
{Heap before GC invocations=10 (full 1):
 PSYoungGen      total 10752K, used 9706K [0x00000000d6100000, 0x00000000d7300000, 0x0000000100000000)
  eden space 9216K, 100% used [0x00000000d6100000,0x00000000d6a00000,0x00000000d6a00000)
  from space 1536K, 31% used [0x00000000d6d80000,0x00000000d6dfa8c0,0x00000000d6f00000)
  to   space 3584K, 0% used [0x00000000d6a00000,0x00000000d6a00000,0x00000000d6d80000)
 ParOldGen       total 9728K, used 5327K [0x0000000082200000, 0x0000000082b80000, 0x00000000d6100000)
  object space 9728K, 54% used [0x0000000082200000,0x0000000082733c00,0x0000000082b80000)
 Metaspace       used 7462K, capacity 8180K, committed 8448K, reserved 1056768K
  class space    used 905K, capacity 944K, committed 1024K, reserved 1048576K
Event: 3.204 GC heap after
Heap after GC invocations=10 (full 1):
 PSYoungGen      total 12800K, used 3566K [0x00000000d6100000, 0x00000000d7680000, 0x0000000100000000)
  eden space 9216K, 0% used [0x00000000d6100000,0x00000000d6100000,0x00000000d6a00000)
  from space 3584K, 99% used [0x00000000d6a00000,0x00000000d6d7bba0,0x00000000d6d80000)
  to   space 5120K, 0% used [0x00000000d7180000,0x00000000d7180000,0x00000000d7680000)
 ParOldGen       total 9728K, used 7639K [0x0000000082200000, 0x0000000082b80000, 0x00000000d6100000)
  object space 9728K, 78% used [0x0000000082200000,0x0000000082975d78,0x0000000082b80000)
 Metaspace       used 7462K, capacity 8180K, committed 8448K, reserved 1056768K
  class space    used 905K, capacity 944K, committed 1024K, reserved 1048576K
}
Event: 3.204 GC heap before
{Heap before GC invocations=11 (full 2):
 PSYoungGen      total 12800K, used 3566K [0x00000000d6100000, 0x00000000d7680000, 0x0000000100000000)
  eden space 9216K, 0% used [0x00000000d6100000,0x00000000d6100000,0x00000000d6a00000)
  from space 3584K, 99% used [0x00000000d6a00000,0x00000000d6d7bba0,0x00000000d6d80000)
  to   space 5120K, 0% used [0x00000000d7180000,0x00000000d7180000,0x00000000d7680000)
 ParOldGen       total 9728K, used 7639K [0x0000000082200000, 0x0000000082b80000, 0x00000000d6100000)
  object space 9728K, 78% used [0x0000000082200000,0x0000000082975d78,0x0000000082b80000)
 Metaspace       used 7462K, capacity 8180K, committed 8448K, reserved 1056768K
  class space    used 905K, capacity 944K, committed 1024K, reserved 1048576K
Event: 3.231 GC heap after
Heap after GC invocations=11 (full 2):
 PSYoungGen      total 12800K, used 0K [0x00000000d6100000, 0x00000000d7680000, 0x0000000100000000)
  eden space 9216K, 0% used [0x00000000d6100000,0x00000000d6100000,0x00000000d6a00000)
  from space 3584K, 0% used [0x00000000d6a00000,0x00000000d6a00000,0x00000000d6d80000)
  to   space 5120K, 0% used [0x00000000d7180000,0x00000000d7180000,0x00000000d7680000)
 ParOldGen       total 16384K, used 9155K [0x0000000082200000, 0x0000000083200000, 0x00000000d6100000)
  object space 16384K, 55% used [0x0000000082200000,0x0000000082af0ee8,0x0000000083200000)
 Metaspace       used 7462K, capacity 8180K, committed 8448K, reserved 1056768K
  class space    used 905K, capacity 944K, committed 1024K, reserved 1048576K
}
Event: 3.525 GC heap before
{Heap before GC invocations=12 (full 2):
 PSYoungGen      total 12800K, used 9216K [0x00000000d6100000, 0x00000000d7680000, 0x0000000100000000)
  eden space 9216K, 100% used [0x00000000d6100000,0x00000000d6a00000,0x00000000d6a00000)
  from space 3584K, 0% used [0x00000000d6a00000,0x00000000d6a00000,0x00000000d6d80000)
  to   space 5120K, 0% used [0x00000000d7180000,0x00000000d7180000,0x00000000d7680000)
 ParOldGen       total 16384K, used 9155K [0x0000000082200000, 0x0000000083200000, 0x00000000d6100000)
  object space 16384K, 55% used [0x0000000082200000,0x0000000082af0ee8,0x0000000083200000)
 Metaspace       used 7704K, capacity 8372K, committed 8704K, reserved 1056768K
  class space    used 923K, capacity 944K, committed 1024K, reserved 1048576K
Event: 3.530 GC heap after
Heap after GC invocations=12 (full 2):
 PSYoungGen      total 16384K, used 3920K [0x00000000d6100000, 0x00000000d7700000, 0x0000000100000000)
  eden space 11264K, 0% used [0x00000000d6100000,0x00000000d6100000,0x00000000d6c00000)
  from space 5120K, 76% used [0x00000000d7180000,0x00000000d7554120,0x00000000d7680000)
  to   space 5632K, 0% used [0x00000000d6c00000,0x00000000d6c00000,0x00000000d7180000)
 ParOldGen       total 16384K, used 9163K [0x0000000082200000, 0x0000000083200000, 0x00000000d6100000)
  object space 16384K, 55% used [0x0000000082200000,0x0000000082af2ee8,0x0000000083200000)
 Metaspace       used 7704K, capacity 8372K, committed 8704K, reserved 1056768K
  class space    used 923K, capacity 944K, committed 1024K, reserved 1048576K
}

Deoptimization events (10 events):
Event: 0.936 Thread 0x0000000002afe000 Uncommon trap: reason=unstable_if action=reinterpret pc=0x0000000002e7e078 method=java.lang.String.<init>([CII)V @ 18
Event: 0.936 Thread 0x0000000002afe000 Uncommon trap: reason=unstable_if action=reinterpret pc=0x0000000002dffaa8 method=java.lang.String.startsWith(Ljava/lang/String;I)Z @ 25
Event: 0.936 Thread 0x0000000002afe000 Uncommon trap: reason=unloaded action=reinterpret pc=0x0000000002e631a8 method=sun.misc.URLClassPath$JarLoader.getResource(Ljava/lang/String;Z)Lsun/misc/Resource; @ 67
Event: 1.726 Thread 0x0000000002afe000 Uncommon trap: reason=unstable_if action=reinterpret pc=0x0000000002eb2074 method=java.util.jar.Attributes$Name.isDigit(C)Z @ 3
Event: 3.248 Thread 0x0000000002afe000 Uncommon trap: reason=predicate action=maybe_recompile pc=0x0000000002f3b92c method=java.util.ComparableTimSort.binarySort([Ljava/lang/Object;III)V @ 37
Event: 3.251 Thread 0x0000000002afe000 Uncommon trap: reason=array_check action=maybe_recompile pc=0x0000000002f5944c method=java.util.ComparableTimSort.binarySort([Ljava/lang/Object;III)V @ 193
Event: 3.252 Thread 0x0000000002afe000 Uncommon trap: reason=array_check action=maybe_recompile pc=0x0000000002f593a4 method=java.util.ComparableTimSort.binarySort([Ljava/lang/Object;III)V @ 215
Event: 3.252 Thread 0x0000000002afe000 Uncommon trap: reason=array_check action=maybe_recompile pc=0x0000000002f5944c method=java.util.ComparableTimSort.binarySort([Ljava/lang/Object;III)V @ 193
Event: 3.252 Thread 0x0000000002afe000 Uncommon trap: reason=array_check action=maybe_recompile pc=0x0000000002f593a4 method=java.util.ComparableTimSort.binarySort([Ljava/lang/Object;III)V @ 215
Event: 3.440 Thread 0x0000000002afe000 Uncommon trap: reason=unstable_if action=reinterpret pc=0x0000000002f781b0 method=com.sun.tools.javac.util.Name$Table.equals([BI[BII)Z @ 22

Internal exceptions (10 events):
Event: 0.050 Thread 0x0000000002afe000 Exception <a 'java/lang/NoSuchMethodError': Method sun.misc.Unsafe.prefetchRead(Ljava/lang/Object;J)V name or signature does not match> (0x00000000d6107fc0) thrown at [C:\re\workspace\8-2-build-windows-amd64-cygwin\jdk8u121\8372\hotspot\src\share\vm\prims
Event: 0.434 Thread 0x0000000002afe000 Exception <a 'java/security/PrivilegedActionException'> (0x00000000d62779d0) thrown at [C:\re\workspace\8-2-build-windows-amd64-cygwin\jdk8u121\8372\hotspot\src\share\vm\prims\jvm.cpp, line 1390]
Event: 0.434 Thread 0x0000000002afe000 Exception <a 'java/security/PrivilegedActionException'> (0x00000000d6277dc8) thrown at [C:\re\workspace\8-2-build-windows-amd64-cygwin\jdk8u121\8372\hotspot\src\share\vm\prims\jvm.cpp, line 1390]
Event: 0.435 Thread 0x0000000002afe000 Exception <a 'java/security/PrivilegedActionException'> (0x00000000d627bec0) thrown at [C:\re\workspace\8-2-build-windows-amd64-cygwin\jdk8u121\8372\hotspot\src\share\vm\prims\jvm.cpp, line 1390]
Event: 0.435 Thread 0x0000000002afe000 Exception <a 'java/security/PrivilegedActionException'> (0x00000000d627c2b8) thrown at [C:\re\workspace\8-2-build-windows-amd64-cygwin\jdk8u121\8372\hotspot\src\share\vm\prims\jvm.cpp, line 1390]
Event: 0.442 Thread 0x0000000002afe000 Exception <a 'java/security/PrivilegedActionException'> (0x00000000d6108e00) thrown at [C:\re\workspace\8-2-build-windows-amd64-cygwin\jdk8u121\8372\hotspot\src\share\vm\prims\jvm.cpp, line 1390]
Event: 0.442 Thread 0x0000000002afe000 Exception <a 'java/security/PrivilegedActionException'> (0x00000000d61091f8) thrown at [C:\re\workspace\8-2-build-windows-amd64-cygwin\jdk8u121\8372\hotspot\src\share\vm\prims\jvm.cpp, line 1390]
Event: 0.742 Thread 0x0000000002afe000 Implicit null exception at 0x0000000002e46fa2 to 0x0000000002e47169
Event: 2.634 Thread 0x0000000002afe000 Exception <a 'java/io/FileNotFoundException'> (0x00000000d6158cc8) thrown at [C:\re\workspace\8-2-build-windows-amd64-cygwin\jdk8u121\8372\hotspot\src\share\vm\prims\jni.cpp, line 709]
Event: 2.743 Thread 0x0000000002afe000 Exception <a 'java/io/FileNotFoundException'> (0x00000000d61af7b0) thrown at [C:\re\workspace\8-2-build-windows-amd64-cygwin\jdk8u121\8372\hotspot\src\share\vm\prims\jni.cpp, line 709]

Events (10 events):
Event: 3.829 loading class com/sun/tools/javac/comp/Infer$InferenceStep$1
Event: 3.829 loading class com/sun/tools/javac/comp/Infer$InferenceStep$1 done
Event: 3.829 loading class com/sun/tools/javac/comp/Infer$InferenceStep$2
Event: 3.829 loading class com/sun/tools/javac/comp/Infer$InferenceStep$2 done
Event: 3.829 loading class com/sun/tools/javac/comp/Infer$InferenceStep$3
Event: 3.829 loading class com/sun/tools/javac/comp/Infer$InferenceStep$3 done
Event: 3.830 loading class com/sun/tools/javac/comp/Infer$InferenceStep$4
Event: 3.830 loading class com/sun/tools/javac/comp/Infer$InferenceStep$4 done
Event: 3.830 loading class com/sun/tools/javac/comp/Infer$InferenceStep$5
Event: 3.830 loading class com/sun/tools/javac/comp/Infer$InferenceStep$5 done


Dynamic libraries:
0x00007ff74f6c0000 - 0x00007ff74f6c7000 	C:\Program Files\Java\jdk1.8.0_121\bin\javac.exe
0x00007ffb32600000 - 0x00007ffb327db000 	C:\WINDOWS\SYSTEM32\ntdll.dll
0x00007ffb30bf0000 - 0x00007ffb30c9e000 	C:\WINDOWS\System32\KERNEL32.DLL
0x00007ffb2eb20000 - 0x00007ffb2ed69000 	C:\WINDOWS\System32\KERNELBASE.dll
0x0000000071df0000 - 0x0000000071e1f000 	C:\Program Files\Java\jdk1.8.0_121\bin\jli.dll
0x0000000071d10000 - 0x0000000071de2000 	C:\Program Files\Java\jdk1.8.0_121\bin\MSVCR100.dll
0x00007ffb32520000 - 0x00007ffb325c1000 	C:\WINDOWS\System32\ADVAPI32.dll
0x00007ffb32330000 - 0x00007ffb323cd000 	C:\WINDOWS\System32\msvcrt.dll
0x00007ffb32160000 - 0x00007ffb321b9000 	C:\WINDOWS\System32\sechost.dll
0x00007ffb302b0000 - 0x00007ffb303d5000 	C:\WINDOWS\System32\RPCRT4.dll
0x00007ffb323d0000 - 0x00007ffb3251a000 	C:\WINDOWS\System32\USER32.dll
0x00007ffb2ed70000 - 0x00007ffb2ed8e000 	C:\WINDOWS\System32\win32u.dll
0x00007ffb24be0000 - 0x00007ffb24e47000 	C:\WINDOWS\WinSxS\amd64_microsoft.windows.common-controls_6595b64144ccf1df_6.0.15063.483_none_26002d27e7c744a2\COMCTL32.dll
0x00007ffb30210000 - 0x00007ffb30237000 	C:\WINDOWS\System32\GDI32.dll
0x00007ffb2edf0000 - 0x00007ffb2ef77000 	C:\WINDOWS\System32\gdi32full.dll
0x00007ffb305c0000 - 0x00007ffb308b9000 	C:\WINDOWS\System32\combase.dll
0x00007ffb2fa10000 - 0x00007ffb2faaa000 	C:\WINDOWS\System32\msvcp_win.dll
0x00007ffb2f210000 - 0x00007ffb2f306000 	C:\WINDOWS\System32\ucrtbase.dll
0x00007ffb2f150000 - 0x00007ffb2f1ba000 	C:\WINDOWS\System32\bcryptPrimitives.dll
0x00007ffb325d0000 - 0x00007ffb325fd000 	C:\WINDOWS\System32\IMM32.DLL
0x0000000071c30000 - 0x0000000071d02000 	C:\Program Files\Java\jdk1.8.0_121\jre\bin\msvcr100.dll
0x0000000070060000 - 0x00000000708fb000 	C:\Program Files\Java\jdk1.8.0_121\jre\bin\server\jvm.dll
0x00007ffb30060000 - 0x00007ffb30068000 	C:\WINDOWS\System32\PSAPI.DLL
0x00007ffb2b3d0000 - 0x00007ffb2b3d9000 	C:\WINDOWS\SYSTEM32\WSOCK32.dll
0x00007ffb28b50000 - 0x00007ffb28b5a000 	C:\WINDOWS\SYSTEM32\VERSION.dll
0x00007ffb2bb90000 - 0x00007ffb2bbb3000 	C:\WINDOWS\SYSTEM32\WINMM.dll
0x00007ffb320f0000 - 0x00007ffb3215c000 	C:\WINDOWS\System32\WS2_32.dll
0x00007ffb2ba80000 - 0x00007ffb2baab000 	C:\WINDOWS\SYSTEM32\WINMMBASE.dll
0x00007ffb2f1c0000 - 0x00007ffb2f209000 	C:\WINDOWS\System32\cfgmgr32.dll
0x0000000071c20000 - 0x0000000071c2f000 	C:\Program Files\Java\jdk1.8.0_121\jre\bin\verify.dll
0x0000000071bf0000 - 0x0000000071c19000 	C:\Program Files\Java\jdk1.8.0_121\jre\bin\java.dll
0x0000000071bd0000 - 0x0000000071be6000 	C:\Program Files\Java\jdk1.8.0_121\jre\bin\zip.dll
0x00007ffb30ca0000 - 0x00007ffb320d7000 	C:\WINDOWS\System32\SHELL32.dll
0x00007ffb304f0000 - 0x00007ffb3059a000 	C:\WINDOWS\System32\shcore.dll
0x00007ffb2f310000 - 0x00007ffb2fa01000 	C:\WINDOWS\System32\windows.storage.dll
0x00007ffb308c0000 - 0x00007ffb30911000 	C:\WINDOWS\System32\shlwapi.dll
0x00007ffb2eab0000 - 0x00007ffb2eac1000 	C:\WINDOWS\System32\kernel.appcore.dll
0x00007ffb2ead0000 - 0x00007ffb2eb1c000 	C:\WINDOWS\System32\powrprof.dll
0x00007ffb2ea70000 - 0x00007ffb2ea85000 	C:\WINDOWS\System32\profapi.dll

VM Arguments:
jvm_args: -Dapplication.home=C:\Program Files\Java\jdk1.8.0_121 -Xms8m 
java_command: com.sun.tools.javac.Main @C:/Users/Minoj/AppData/Local/Temp/sbt_126b47c3/argfile
java_class_path (initial): C:\Program Files\Java\jdk1.8.0_121/lib/tools.jar;C:\Program Files\Java\jdk1.8.0_121/classes
Launcher Type: SUN_STANDARD

Environment Variables:
PATH=C:\ProgramData\Oracle\Java\javapath;C:\Program Files (x86)\Intel\iCLS Client\;C:\Program Files\Intel\iCLS Client\;C:\Windows\system32;C:\Windows;C:\Windows\System32\Wbem;C:\Windows\System32\WindowsPowerShell\v1.0\;C:\Program Files (x86)\NVIDIA Corporation\PhysX\Common;C:\Program Files (x86)\Intel\Intel(R) Management Engine Components\DAL;C:\Program Files\Intel\Intel(R) Management Engine Components\DAL;C:\Program Files (x86)\Intel\Intel(R) Management Engine Components\IPT;C:\Program Files\Intel\Intel(R) Management Engine Components\IPT;C:\WINDOWS\system32;C:\WINDOWS;C:\WINDOWS\System32\Wbem;C:\WINDOWS\System32\WindowsPowerShell\v1.0\;C:\Program Files\Intel\WiFi\bin\;C:\Program Files\Common Files\Intel\WirelessCommon\;C:\Program Files\LLVM\bin;C:\Program Files (x86)\GtkSharp\2.12\bin;C:\Program Files\Microsoft SQL Server\130\Tools\Binn\;C:\Program Files\dotnet\;C:\Program Files\nodejs\;C:\Program Files (x86)\sbt\bin;C:\Program Files\Java\jdk1.8.0_121\bin;C:\Program Files\Activator\activator-dist-1.3.12\bin;C:\Users\Minoj\AppData\Local\Programs\Python\Python35\Scripts\;C:\Users\Minoj\AppData\Local\Programs\Python\Python35\;C:\Program Files\Intel\WiFi\bin\;C:\Program Files\Common Files\Intel\WirelessCommon\;C:\Program Files (x86)\Microsoft VS Code\bin;C:\Users\Minoj\AppData\Local\Microsoft\WindowsApps;C:\Users\Minoj\AppData\Local\atom\bin;C:\Users\Minoj\AppData\Local\Microsoft\WindowsApps;C:\Program Files\Git\bin;C:\Users\Minoj\AppData\Roaming\npm
USERNAME=Minoj
OS=Windows_NT
PROCESSOR_IDENTIFIER=Intel64 Family 6 Model 94 Stepping 3, GenuineIntel



---------------  S Y S T E M  ---------------

OS: Windows 10.0 , 64 bit Build 15063 (10.0.15063.296)

CPU:total 8 (4 cores per cpu, 2 threads per core) family 6 model 94 stepping 3, cmov, cx8, fxsr, mmx, sse, sse2, sse3, ssse3, sse4.1, sse4.2, popcnt, avx, avx2, aes, clmul, erms, rtm, 3dnowpref, lzcnt, ht, tsc, tscinvbit, bmi1, bmi2, adx

Memory: 4k page, physical 8246024k(634944k free), swap 11391752k(127696k free)

vm_info: Java HotSpot(TM) 64-Bit Server VM (25.121-b13) for windows-amd64 JRE (1.8.0_121-b13), built on Dec 12 2016 18:21:36 by "java_re" with MS VC++ 10.0 (VS2010)

time: Fri Jan 05 01:12:19 2018
elapsed time: 4 seconds (0d 0h 0m 4s)

